<?xml version="1.0" encoding="UTF-8"?>
<!-- Generated by org.testng.reporters.JUnitXMLReporter -->
<testsuite ignored="0" hostname="LAPTOP-B5B0TM1S" failures="0" tests="3" name="Default test" time="80.384" errors="0" timestamp="2020-10-17T19:34:33 IST">
  <testcase classname="TestAutomation.Pratice2.Homepagetest" name="basePageNavigation" time="25.791"/>
  <testcase classname="TestAutomation.Pratice2.LoginPagetest" name="doLogin" time="24.285"/>
  <testcase classname="TestAutomation.Pratice2.LoginPagetest" name="doLogin" time="30.26"/>
</testsuite> <!-- Default test -->
