<?xml version="1.0" encoding="UTF-8"?>
<!-- Generated by org.testng.reporters.JUnitXMLReporter -->
<testsuite ignored="0" hostname="LAPTOP-B5B0TM1S" failures="0" tests="3" name="Test" time="63.416" errors="0" timestamp="2020-09-20T16:23:20 IST">
  <testcase classname="TestAutomation.Pratice2.LoginPagetest" name="doLogin" time="21.342"/>
  <testcase classname="TestAutomation.Pratice2.LoginPagetest" name="doLogin" time="20.209"/>
  <testcase classname="TestAutomation.Pratice2.Homepagetest" name="basePageNavigation" time="21.818"/>
</testsuite> <!-- Test -->
