<?xml version="1.0" encoding="UTF-8"?>
<!-- Generated by org.testng.reporters.JUnitXMLReporter -->
<testsuite ignored="0" hostname="LAPTOP-B5B0TM1S" failures="0" tests="3" name="Test" time="103.166" errors="0" timestamp="2020-10-18T18:21:10 IST">
  <testcase classname="TestAutomation.Pratice2.LoginPagetest" name="doLogin" time="46.919"/>
  <testcase classname="TestAutomation.Pratice2.LoginPagetest" name="doLogin" time="34.299"/>
  <testcase classname="TestAutomation.Pratice2.Homepagetest" name="basePageNavigation" time="21.883"/>
</testsuite> <!-- Test -->
