<?xml version="1.0" encoding="UTF-8"?>
<testng-results ignored="0" total="3" passed="3" failed="0" skipped="0">
  <reporter-output>
  </reporter-output>
  <suite started-at="2020-10-18T18:19:27 IST" name="Suite" finished-at="2020-10-18T18:21:10 IST" duration-ms="103166">
    <groups>
    </groups>
    <test started-at="2020-10-18T18:19:27 IST" name="Test" finished-at="2020-10-18T18:21:10 IST" duration-ms="103166">
      <class name="TestAutomation.Pratice2.Homepagetest">
        <test-method signature="basePageNavigation()[pri:0, instance:TestAutomation.Pratice2.Homepagetest@3b7d3a38]" started-at="2020-10-18T18:20:48 IST" name="basePageNavigation" finished-at="2020-10-18T18:21:10 IST" duration-ms="21883" status="PASS">
          <reporter-output>
          </reporter-output>
        </test-method> <!-- basePageNavigation -->
      </class> <!-- TestAutomation.Pratice2.Homepagetest -->
      <class name="TestAutomation.Pratice2.LoginPagetest">
        <test-method signature="doLogin(java.lang.String, java.lang.String, java.lang.String)[pri:0, instance:TestAutomation.Pratice2.LoginPagetest@1046d517]" started-at="2020-10-18T18:19:27 IST" name="doLogin" data-provider="getData" finished-at="2020-10-18T18:20:14 IST" duration-ms="46919" status="PASS">
          <params>
            <param index="0">
              <value>
                <![CDATA[123456879@mailinator.com]]>
              </value>
            </param>
            <param index="1">
              <value>
                <![CDATA[Test@123]]>
              </value>
            </param>
            <param index="2">
              <value>
                <![CDATA[Non Restrcited User]]>
              </value>
            </param>
          </params>
          <reporter-output>
          </reporter-output>
        </test-method> <!-- doLogin -->
        <test-method signature="doLogin(java.lang.String, java.lang.String, java.lang.String)[pri:0, instance:TestAutomation.Pratice2.LoginPagetest@1046d517]" started-at="2020-10-18T18:20:14 IST" name="doLogin" data-provider="getData" finished-at="2020-10-18T18:20:48 IST" duration-ms="34299" status="PASS">
          <params>
            <param index="0">
              <value>
                <![CDATA[restricteduser@qw.com]]>
              </value>
            </param>
            <param index="1">
              <value>
                <![CDATA[456788]]>
              </value>
            </param>
            <param index="2">
              <value>
                <![CDATA[Restrcited User]]>
              </value>
            </param>
          </params>
          <reporter-output>
          </reporter-output>
        </test-method> <!-- doLogin -->
      </class> <!-- TestAutomation.Pratice2.LoginPagetest -->
    </test> <!-- Test -->
  </suite> <!-- Suite -->
</testng-results>
