<?xml version="1.0" encoding="UTF-8"?>
<testsuite xmlns:xsi="http://www.w3.org/2001/XMLSchema-instance" xsi:noNamespaceSchemaLocation="https://maven.apache.org/surefire/maven-surefire-plugin/xsd/surefire-test-report-3.0.xsd" version="3.0" name="TestSuite" time="63.91" tests="3" errors="0" skipped="0" failures="0">
  <properties>
[...]
</properties>
  <testcase name="doLogin" classname="TestAutomation.Pratice2.LoginPagetest" time="25.121"/>
  <testcase name="doLogin" classname="TestAutomation.Pratice2.LoginPagetest" time="19.36"/>
  <testcase name="basePageNavigation" classname="TestAutomation.Pratice2.Homepagetest" time="18.768"/>
</testsuite>