<?xml version="1.0" encoding="UTF-8"?>
<testng-results skipped="0" failed="0" total="2" passed="2">
  <reporter-output>
  </reporter-output>
  <suite name="Suite" duration-ms="38843" started-at="2020-06-18T05:20:48Z" finished-at="2020-06-18T05:21:27Z">
    <groups>
    </groups>
    <test name="Test" duration-ms="38843" started-at="2020-06-18T05:20:48Z" finished-at="2020-06-18T05:21:27Z">
      <class name="TestAutomation.Pratice2.Homepagetest">
        <test-method status="PASS" signature="basePageNavigation()[pri:0, instance:TestAutomation.Pratice2.Homepagetest@51b7e5df]" name="basePageNavigation" duration-ms="17443" started-at="2020-06-18T10:51:09Z" finished-at="2020-06-18T10:51:27Z">
          <reporter-output>
          </reporter-output>
        </test-method> <!-- basePageNavigation -->
      </class> <!-- TestAutomation.Pratice2.Homepagetest -->
      <class name="TestAutomation.Pratice2.LoginPagetest">
        <test-method status="PASS" signature="doLogin()[pri:0, instance:TestAutomation.Pratice2.LoginPagetest@351d0846]" name="doLogin" duration-ms="21384" started-at="2020-06-18T10:50:48Z" finished-at="2020-06-18T10:51:09Z">
          <reporter-output>
          </reporter-output>
        </test-method> <!-- doLogin -->
      </class> <!-- TestAutomation.Pratice2.LoginPagetest -->
    </test> <!-- Test -->
  </suite> <!-- Suite -->
</testng-results>
