<?xml version="1.0" encoding="UTF-8"?>
<testng-results ignored="0" total="3" passed="3" failed="0" skipped="0">
  <reporter-output>
  </reporter-output>
  <suite started-at="2020-09-20T16:22:17 IST" name="Suite" finished-at="2020-09-20T16:23:20 IST" duration-ms="63416">
    <groups>
    </groups>
    <test started-at="2020-09-20T16:22:17 IST" name="Test" finished-at="2020-09-20T16:23:20 IST" duration-ms="63416">
      <class name="TestAutomation.Pratice2.Homepagetest">
        <test-method signature="basePageNavigation()[pri:0, instance:TestAutomation.Pratice2.Homepagetest@3f197a46]" started-at="2020-09-20T16:22:58 IST" name="basePageNavigation" finished-at="2020-09-20T16:23:20 IST" duration-ms="21818" status="PASS">
          <reporter-output>
          </reporter-output>
        </test-method> <!-- basePageNavigation -->
      </class> <!-- TestAutomation.Pratice2.Homepagetest -->
      <class name="TestAutomation.Pratice2.LoginPagetest">
        <test-method signature="doLogin(java.lang.String, java.lang.String, java.lang.String)[pri:0, instance:TestAutomation.Pratice2.LoginPagetest@5e82df6a]" started-at="2020-09-20T16:22:17 IST" name="doLogin" data-provider="getData" finished-at="2020-09-20T16:22:38 IST" duration-ms="21342" status="PASS">
          <params>
            <param index="0">
              <value>
                <![CDATA[123456879@mailinator.com]]>
              </value>
            </param>
            <param index="1">
              <value>
                <![CDATA[Test@123]]>
              </value>
            </param>
            <param index="2">
              <value>
                <![CDATA[Non Restrcited User]]>
              </value>
            </param>
          </params>
          <reporter-output>
          </reporter-output>
        </test-method> <!-- doLogin -->
        <test-method signature="doLogin(java.lang.String, java.lang.String, java.lang.String)[pri:0, instance:TestAutomation.Pratice2.LoginPagetest@5e82df6a]" started-at="2020-09-20T16:22:38 IST" name="doLogin" data-provider="getData" finished-at="2020-09-20T16:22:58 IST" duration-ms="20209" status="PASS">
          <params>
            <param index="0">
              <value>
                <![CDATA[restricteduser@qw.com]]>
              </value>
            </param>
            <param index="1">
              <value>
                <![CDATA[456788]]>
              </value>
            </param>
            <param index="2">
              <value>
                <![CDATA[Restrcited User]]>
              </value>
            </param>
          </params>
          <reporter-output>
          </reporter-output>
        </test-method> <!-- doLogin -->
      </class> <!-- TestAutomation.Pratice2.LoginPagetest -->
    </test> <!-- Test -->
  </suite> <!-- Suite -->
</testng-results>
